\BOOKMARK [1][-]{section.1}{Introduction}{}% 1
\BOOKMARK [2][-]{subsection.1.1}{Virtualization}{section.1}% 2
\BOOKMARK [2][-]{subsection.1.2}{Scope of this seminar}{section.1}% 3
\BOOKMARK [1][-]{section.2}{Virtualization on embedded platforms}{}% 4
\BOOKMARK [2][-]{subsection.2.1}{Architectural differences from x86}{section.2}% 5
\BOOKMARK [2][-]{subsection.2.2}{Challenges on x86 and ARM platforms}{section.2}% 6
\BOOKMARK [3][-]{subsubsection.2.2.1}{Unique challenges on ARM platform}{subsection.2.2}% 7
\BOOKMARK [3][-]{subsubsection.2.2.2}{Unique challenges on x86 platform}{subsection.2.2}% 8
\BOOKMARK [1][-]{section.3}{Virtualization solutions}{}% 9
\BOOKMARK [2][-]{subsection.3.1}{ Virtualizable platform }{section.3}% 10
\BOOKMARK [2][-]{subsection.3.2}{Non Virtualizable platforms}{section.3}% 11
\BOOKMARK [3][-]{subsubsection.3.2.1}{Generic hypervisors}{subsection.3.2}% 12
\BOOKMARK [4][-]{paragraph.3.2.1.1}{H/W supported virtualization}{subsubsection.3.2.1}% 13
\BOOKMARK [4][-]{paragraph.3.2.1.2}{Paravirtualization}{subsubsection.3.2.1}% 14
\BOOKMARK [4][-]{paragraph.3.2.1.3}{Micro kernels}{subsubsection.3.2.1}% 15
\BOOKMARK [4][-]{paragraph.3.2.1.4}{Linux containers \(LXC\)}{subsubsection.3.2.1}% 16
\BOOKMARK [3][-]{subsubsection.3.2.2}{Special purpose hypervisors}{subsection.3.2}% 17
\BOOKMARK [1][-]{section.4}{Salient aspects of virtualizing a smart phone}{}% 18
\BOOKMARK [1][-]{section.5}{Conclusion}{}% 19
\BOOKMARK [1][-]{section.5}{References}{}% 20
